<?xml version="1.0" encoding="UTF-8"?>
<testsuite name="org.twtpush.dao.DeveloperDaoTest" time="0.922" tests="9" errors="2" skipped="0" failures="0">
  <properties>
    <property name="java.runtime.name" value="Java(TM) SE Runtime Environment"/>
    <property name="sun.boot.library.path" value="/usr/lib/jvm/java-7-oracle/jre/lib/amd64"/>
    <property name="java.vm.version" value="24.80-b11"/>
    <property name="java.vm.vendor" value="Oracle Corporation"/>
    <property name="maven.multiModuleProjectDirectory" value="/home/nero/IdeaProjects/push"/>
    <property name="java.vendor.url" value="http://java.oracle.com/"/>
    <property name="path.separator" value=":"/>
    <property name="guice.disable.misplaced.annotation.check" value="true"/>
    <property name="java.vm.name" value="Java HotSpot(TM) 64-Bit Server VM"/>
    <property name="file.encoding.pkg" value="sun.io"/>
    <property name="user.country" value="CN"/>
    <property name="sun.java.launcher" value="SUN_STANDARD"/>
    <property name="sun.os.patch.level" value="unknown"/>
    <property name="java.vm.specification.name" value="Java Virtual Machine Specification"/>
    <property name="user.dir" value="/home/nero/IdeaProjects/push"/>
    <property name="java.runtime.version" value="1.7.0_80-b15"/>
    <property name="java.awt.graphicsenv" value="sun.awt.X11GraphicsEnvironment"/>
    <property name="java.endorsed.dirs" value="/usr/lib/jvm/java-7-oracle/jre/lib/endorsed"/>
    <property name="os.arch" value="amd64"/>
    <property name="java.io.tmpdir" value="/tmp"/>
    <property name="line.separator" value="&#10;"/>
    <property name="java.vm.specification.vendor" value="Oracle Corporation"/>
    <property name="os.name" value="Linux"/>
    <property name="classworlds.conf" value="/usr/share/maven/bin/m2.conf"/>
    <property name="sun.jnu.encoding" value="UTF-8"/>
    <property name="java.library.path" value="/usr/java/packages/lib/amd64:/usr/lib64:/lib64:/lib:/usr/lib"/>
    <property name="java.specification.name" value="Java Platform API Specification"/>
    <property name="java.class.version" value="51.0"/>
    <property name="sun.management.compiler" value="HotSpot 64-Bit Tiered Compilers"/>
    <property name="os.version" value="4.4.0-34-generic"/>
    <property name="user.home" value="/home/nero"/>
    <property name="user.timezone" value="Asia/Shanghai"/>
    <property name="java.awt.printerjob" value="sun.print.PSPrinterJob"/>
    <property name="file.encoding" value="UTF-8"/>
    <property name="java.specification.version" value="1.7"/>
    <property name="user.name" value="nero"/>
    <property name="java.class.path" value="/usr/share/maven/boot/plexus-classworlds-2.x.jar"/>
    <property name="java.vm.specification.version" value="1.7"/>
    <property name="sun.arch.data.model" value="64"/>
    <property name="java.home" value="/usr/lib/jvm/java-7-oracle/jre"/>
    <property name="sun.java.command" value="org.codehaus.plexus.classworlds.launcher.Launcher install"/>
    <property name="java.specification.vendor" value="Oracle Corporation"/>
    <property name="user.language" value="zh"/>
    <property name="awt.toolkit" value="sun.awt.X11.XToolkit"/>
    <property name="java.vm.info" value="mixed mode"/>
    <property name="java.version" value="1.7.0_80"/>
    <property name="java.ext.dirs" value="/usr/lib/jvm/java-7-oracle/jre/lib/ext:/usr/java/packages/lib/ext"/>
    <property name="securerandom.source" value="file:/dev/./urandom"/>
    <property name="sun.boot.class.path" value="/usr/lib/jvm/java-7-oracle/jre/lib/resources.jar:/usr/lib/jvm/java-7-oracle/jre/lib/rt.jar:/usr/lib/jvm/java-7-oracle/jre/lib/sunrsasign.jar:/usr/lib/jvm/java-7-oracle/jre/lib/jsse.jar:/usr/lib/jvm/java-7-oracle/jre/lib/jce.jar:/usr/lib/jvm/java-7-oracle/jre/lib/charsets.jar:/usr/lib/jvm/java-7-oracle/jre/lib/jfr.jar:/usr/lib/jvm/java-7-oracle/jre/classes"/>
    <property name="java.vendor" value="Oracle Corporation"/>
    <property name="maven.home" value="/usr/share/maven"/>
    <property name="file.separator" value="/"/>
    <property name="java.vendor.url.bug" value="http://bugreport.sun.com/bugreport/"/>
    <property name="sun.cpu.endian" value="little"/>
    <property name="sun.io.unicode.encoding" value="UnicodeLittle"/>
    <property name="sun.desktop" value="gnome"/>
    <property name="sun.cpu.isalist" value=""/>
  </properties>
  <testcase name="updateTokenByEmail" classname="org.twtpush.dao.DeveloperDaoTest" time="0.661"/>
  <testcase name="queryById" classname="org.twtpush.dao.DeveloperDaoTest" time="0.027"/>
  <testcase name="queryAll" classname="org.twtpush.dao.DeveloperDaoTest" time="0.004"/>
  <testcase name="add" classname="org.twtpush.dao.DeveloperDaoTest" time="0.102"/>
  <testcase name="queryByEmailAndPassword" classname="org.twtpush.dao.DeveloperDaoTest" time="0.003"/>
  <testcase name="queryByIdAndToken" classname="org.twtpush.dao.DeveloperDaoTest" time="0.007">
    <error type="java.lang.NullPointerException:">java.lang.NullPointerException: null
	at org.twtpush.dao.DeveloperDaoTest.queryByIdAndToken(DeveloperDaoTest.java:97)
</error>
    <system-out><![CDATA[16:52:05.826 [main] DEBUG org.mybatis.spring.SqlSessionUtils - Creating a new SqlSession
16:52:05.826 [main] DEBUG org.mybatis.spring.SqlSessionUtils - SqlSession [org.apache.ibatis.session.defaults.DefaultSqlSession@4b06814e] was not registered for synchronization because synchronization is not active
16:52:05.826 [main] DEBUG o.m.s.t.SpringManagedTransaction - JDBC Connection [com.mchange.v2.c3p0.impl.NewProxyConnection@1b7dc804] will not be managed by Spring
16:52:05.826 [main] DEBUG o.t.d.DeveloperDao.queryByIdAndToken - ==>  Preparing: SELECT * FROM developers WHERE developer_id = ? and developer_token=? 
16:52:05.827 [main] DEBUG o.t.d.DeveloperDao.queryByIdAndToken - ==> Parameters: 1(Long), testnewtokenbyid(String)
16:52:05.827 [main] DEBUG o.t.d.DeveloperDao.queryByIdAndToken - <==      Total: 0
16:52:05.827 [main] DEBUG org.mybatis.spring.SqlSessionUtils - Closing non transactional SqlSession [org.apache.ibatis.session.defaults.DefaultSqlSession@4b06814e]
]]></system-out>
  </testcase>
  <testcase name="updateTokenById" classname="org.twtpush.dao.DeveloperDaoTest" time="0.053"/>
  <testcase name="queryByEmail" classname="org.twtpush.dao.DeveloperDaoTest" time="0.004">
    <error message="nested exception is org.apache.ibatis.exceptions.TooManyResultsException: Expected one result (or null) to be returned by selectOne(), but found: 2" type="org.mybatis.spring.MyBatisSystemException">org.mybatis.spring.MyBatisSystemException: nested exception is org.apache.ibatis.exceptions.TooManyResultsException: Expected one result (or null) to be returned by selectOne(), but found: 2
	at org.apache.ibatis.session.defaults.DefaultSqlSession.selectOne(DefaultSqlSession.java:77)
	at sun.reflect.NativeMethodAccessorImpl.invoke0(Native Method)
	at sun.reflect.NativeMethodAccessorImpl.invoke(NativeMethodAccessorImpl.java:57)
	at sun.reflect.DelegatingMethodAccessorImpl.invoke(DelegatingMethodAccessorImpl.java:43)
	at java.lang.reflect.Method.invoke(Method.java:606)
	at org.mybatis.spring.SqlSessionTemplate$SqlSessionInterceptor.invoke(SqlSessionTemplate.java:386)
	at com.sun.proxy.$Proxy12.selectOne(Unknown Source)
	at org.mybatis.spring.SqlSessionTemplate.selectOne(SqlSessionTemplate.java:165)
	at org.apache.ibatis.binding.MapperMethod.execute(MapperMethod.java:69)
	at org.apache.ibatis.binding.MapperProxy.invoke(MapperProxy.java:53)
	at com.sun.proxy.$Proxy13.queryByEmail(Unknown Source)
	at org.twtpush.dao.DeveloperDaoTest.queryByEmail(DeveloperDaoTest.java:40)
</error>
    <system-out><![CDATA[16:52:05.888 [main] DEBUG org.mybatis.spring.SqlSessionUtils - Creating a new SqlSession
16:52:05.888 [main] DEBUG org.mybatis.spring.SqlSessionUtils - SqlSession [org.apache.ibatis.session.defaults.DefaultSqlSession@66f043ea] was not registered for synchronization because synchronization is not active
16:52:05.888 [main] DEBUG o.m.s.t.SpringManagedTransaction - JDBC Connection [com.mchange.v2.c3p0.impl.NewProxyConnection@4ab944df] will not be managed by Spring
16:52:05.889 [main] DEBUG o.t.dao.DeveloperDao.queryByEmail - ==>  Preparing: SELECT * FROM developers WHERE developer_email = ? 
16:52:05.889 [main] DEBUG o.t.dao.DeveloperDao.queryByEmail - ==> Parameters: testemail@testemail.com(String)
16:52:05.890 [main] DEBUG o.t.dao.DeveloperDao.queryByEmail - <==      Total: 2
16:52:05.891 [main] DEBUG org.mybatis.spring.SqlSessionUtils - Closing non transactional SqlSession [org.apache.ibatis.session.defaults.DefaultSqlSession@66f043ea]
]]></system-out>
  </testcase>
  <testcase name="updatePassword" classname="org.twtpush.dao.DeveloperDaoTest" time="0.061"/>
</testsuite>