<?xml version="1.0" encoding="UTF-8"?>
<testsuite name="org.twtpush.dao.AppDaoTest" time="0.217" tests="9" errors="2" skipped="0" failures="0">
  <properties>
    <property name="java.runtime.name" value="Java(TM) SE Runtime Environment"/>
    <property name="sun.boot.library.path" value="/usr/lib/jvm/java-7-oracle/jre/lib/amd64"/>
    <property name="java.vm.version" value="24.80-b11"/>
    <property name="java.vm.vendor" value="Oracle Corporation"/>
    <property name="maven.multiModuleProjectDirectory" value="/home/nero/IdeaProjects/push"/>
    <property name="java.vendor.url" value="http://java.oracle.com/"/>
    <property name="path.separator" value=":"/>
    <property name="guice.disable.misplaced.annotation.check" value="true"/>
    <property name="java.vm.name" value="Java HotSpot(TM) 64-Bit Server VM"/>
    <property name="file.encoding.pkg" value="sun.io"/>
    <property name="user.country" value="CN"/>
    <property name="sun.java.launcher" value="SUN_STANDARD"/>
    <property name="sun.os.patch.level" value="unknown"/>
    <property name="java.vm.specification.name" value="Java Virtual Machine Specification"/>
    <property name="user.dir" value="/home/nero/IdeaProjects/push"/>
    <property name="java.runtime.version" value="1.7.0_80-b15"/>
    <property name="java.awt.graphicsenv" value="sun.awt.X11GraphicsEnvironment"/>
    <property name="java.endorsed.dirs" value="/usr/lib/jvm/java-7-oracle/jre/lib/endorsed"/>
    <property name="os.arch" value="amd64"/>
    <property name="java.io.tmpdir" value="/tmp"/>
    <property name="line.separator" value="&#10;"/>
    <property name="java.vm.specification.vendor" value="Oracle Corporation"/>
    <property name="os.name" value="Linux"/>
    <property name="classworlds.conf" value="/usr/share/maven/bin/m2.conf"/>
    <property name="sun.jnu.encoding" value="UTF-8"/>
    <property name="java.library.path" value="/usr/java/packages/lib/amd64:/usr/lib64:/lib64:/lib:/usr/lib"/>
    <property name="java.specification.name" value="Java Platform API Specification"/>
    <property name="java.class.version" value="51.0"/>
    <property name="sun.management.compiler" value="HotSpot 64-Bit Tiered Compilers"/>
    <property name="os.version" value="4.4.0-34-generic"/>
    <property name="user.home" value="/home/nero"/>
    <property name="user.timezone" value="Asia/Shanghai"/>
    <property name="java.awt.printerjob" value="sun.print.PSPrinterJob"/>
    <property name="file.encoding" value="UTF-8"/>
    <property name="java.specification.version" value="1.7"/>
    <property name="user.name" value="nero"/>
    <property name="java.class.path" value="/usr/share/maven/boot/plexus-classworlds-2.x.jar"/>
    <property name="java.vm.specification.version" value="1.7"/>
    <property name="sun.arch.data.model" value="64"/>
    <property name="java.home" value="/usr/lib/jvm/java-7-oracle/jre"/>
    <property name="sun.java.command" value="org.codehaus.plexus.classworlds.launcher.Launcher install"/>
    <property name="java.specification.vendor" value="Oracle Corporation"/>
    <property name="user.language" value="zh"/>
    <property name="awt.toolkit" value="sun.awt.X11.XToolkit"/>
    <property name="java.vm.info" value="mixed mode"/>
    <property name="java.version" value="1.7.0_80"/>
    <property name="java.ext.dirs" value="/usr/lib/jvm/java-7-oracle/jre/lib/ext:/usr/java/packages/lib/ext"/>
    <property name="securerandom.source" value="file:/dev/./urandom"/>
    <property name="sun.boot.class.path" value="/usr/lib/jvm/java-7-oracle/jre/lib/resources.jar:/usr/lib/jvm/java-7-oracle/jre/lib/rt.jar:/usr/lib/jvm/java-7-oracle/jre/lib/sunrsasign.jar:/usr/lib/jvm/java-7-oracle/jre/lib/jsse.jar:/usr/lib/jvm/java-7-oracle/jre/lib/jce.jar:/usr/lib/jvm/java-7-oracle/jre/lib/charsets.jar:/usr/lib/jvm/java-7-oracle/jre/lib/jfr.jar:/usr/lib/jvm/java-7-oracle/jre/classes"/>
    <property name="java.vendor" value="Oracle Corporation"/>
    <property name="maven.home" value="/usr/share/maven"/>
    <property name="file.separator" value="/"/>
    <property name="java.vendor.url.bug" value="http://bugreport.sun.com/bugreport/"/>
    <property name="sun.cpu.endian" value="little"/>
    <property name="sun.io.unicode.encoding" value="UnicodeLittle"/>
    <property name="sun.desktop" value="gnome"/>
    <property name="sun.cpu.isalist" value=""/>
  </properties>
  <testcase name="queryById" classname="org.twtpush.dao.AppDaoTest" time="0.002">
    <error type="java.lang.NullPointerException:">java.lang.NullPointerException: null
	at org.twtpush.dao.AppDaoTest.queryById(AppDaoTest.java:42)
</error>
    <system-out><![CDATA[16:52:06.015 [main] DEBUG org.mybatis.spring.SqlSessionUtils - Creating a new SqlSession
16:52:06.015 [main] DEBUG org.mybatis.spring.SqlSessionUtils - SqlSession [org.apache.ibatis.session.defaults.DefaultSqlSession@37e367f4] was not registered for synchronization because synchronization is not active
16:52:06.016 [main] DEBUG o.m.s.t.SpringManagedTransaction - JDBC Connection [com.mchange.v2.c3p0.impl.NewProxyConnection@4ff41ba0] will not be managed by Spring
16:52:06.016 [main] DEBUG org.twtpush.dao.AppDao.queryById - ==>  Preparing: SELECT * FROM apps WHERE app_id = ? 
16:52:06.016 [main] DEBUG org.twtpush.dao.AppDao.queryById - ==> Parameters: 1(Long)
16:52:06.016 [main] DEBUG org.twtpush.dao.AppDao.queryById - <==      Total: 0
16:52:06.017 [main] DEBUG org.mybatis.spring.SqlSessionUtils - Closing non transactional SqlSession [org.apache.ibatis.session.defaults.DefaultSqlSession@37e367f4]
]]></system-out>
    <system-err><![CDATA[八月 22, 2016 4:52:06 下午 org.springframework.test.context.support.DefaultTestContextBootstrapper getDefaultTestExecutionListenerClassNames
信息: Loaded default TestExecutionListener class names from location [META-INF/spring.factories]: [org.springframework.test.context.web.ServletTestExecutionListener, org.springframework.test.context.support.DependencyInjectionTestExecutionListener, org.springframework.test.context.support.DirtiesContextTestExecutionListener, org.springframework.test.context.transaction.TransactionalTestExecutionListener, org.springframework.test.context.jdbc.SqlScriptsTestExecutionListener]
八月 22, 2016 4:52:06 下午 org.springframework.test.context.support.DefaultTestContextBootstrapper getTestExecutionListeners
信息: Using TestExecutionListeners: [org.springframework.test.context.web.ServletTestExecutionListener@d33eaa9, org.springframework.test.context.support.DependencyInjectionTestExecutionListener@4b730404, org.springframework.test.context.support.DirtiesContextTestExecutionListener@6c0cc94e, org.springframework.test.context.transaction.TransactionalTestExecutionListener@3b74574d, org.springframework.test.context.jdbc.SqlScriptsTestExecutionListener@530f9eb9]
]]></system-err>
  </testcase>
  <testcase name="resetAppById" classname="org.twtpush.dao.AppDaoTest" time="0.081"/>
  <testcase name="deleteAppById" classname="org.twtpush.dao.AppDaoTest" time="0.002"/>
  <testcase name="findAll" classname="org.twtpush.dao.AppDaoTest" time="0.004"/>
  <testcase name="queryByDeveloperId" classname="org.twtpush.dao.AppDaoTest" time="0.008"/>
  <testcase name="findByName" classname="org.twtpush.dao.AppDaoTest" time="0.002">
    <error type="java.lang.NullPointerException:">java.lang.NullPointerException: null
	at org.twtpush.dao.AppDaoTest.findByName(AppDaoTest.java:49)
</error>
    <system-out><![CDATA[16:52:06.115 [main] DEBUG org.mybatis.spring.SqlSessionUtils - Creating a new SqlSession
16:52:06.115 [main] DEBUG org.mybatis.spring.SqlSessionUtils - SqlSession [org.apache.ibatis.session.defaults.DefaultSqlSession@32323b40] was not registered for synchronization because synchronization is not active
16:52:06.115 [main] DEBUG o.m.s.t.SpringManagedTransaction - JDBC Connection [com.mchange.v2.c3p0.impl.NewProxyConnection@30d091c0] will not be managed by Spring
16:52:06.115 [main] DEBUG org.twtpush.dao.AppDao.findByName - ==>  Preparing: SELECT * FROM apps WHERE app_name = ? 
16:52:06.116 [main] DEBUG org.twtpush.dao.AppDao.findByName - ==> Parameters: new name(String)
16:52:06.116 [main] DEBUG org.twtpush.dao.AppDao.findByName - <==      Total: 0
16:52:06.116 [main] DEBUG org.mybatis.spring.SqlSessionUtils - Closing non transactional SqlSession [org.apache.ibatis.session.defaults.DefaultSqlSession@32323b40]
]]></system-out>
  </testcase>
  <testcase name="changeAppNameById" classname="org.twtpush.dao.AppDaoTest" time="0.06"/>
  <testcase name="add" classname="org.twtpush.dao.AppDaoTest" time="0.055"/>
  <testcase name="findByKeySecretKey" classname="org.twtpush.dao.AppDaoTest" time="0.003"/>
</testsuite>